<?xml version="1.0" encoding="UTF-8"?>
<testsuite xmlns:xsi="http://www.w3.org/2001/XMLSchema-instance" xsi:noNamespaceSchemaLocation="https://maven.apache.org/surefire/maven-surefire-plugin/xsd/surefire-test-report-3.0.xsd" version="3.0" name="demo.MatriceTest" time="0.142" tests="20" errors="0" skipped="0" failures="0">
  <properties>
[...]
</properties>
  <testcase name="MatriceHomothetie" classname="demo.MatriceTest" time="0.062"/>
  <testcase name="MatriceTranslationBas" classname="demo.MatriceTest" time="0.002"/>
  <testcase name="MatriceRotationPI2" classname="demo.MatriceTest" time="0.002"/>
  <testcase name="MatriceRotationPI4" classname="demo.MatriceTest" time="0.002"/>
  <testcase name="MatriceRotationX" classname="demo.MatriceTest" time="0.002"/>
  <testcase name="MatriceRotationY" classname="demo.MatriceTest" time="0.002"/>
  <testcase name="MatriceSymetrieX1" classname="demo.MatriceTest" time="0.001"/>
  <testcase name="MatriceSymetrieX2" classname="demo.MatriceTest" time="0.001"/>
  <testcase name="MatriceRotationAngle1803D" classname="demo.MatriceTest" time="0.001"/>
  <testcase name="ProduitVectoriel3x1" classname="demo.MatriceTest" time="0.001"/>
  <testcase name="MatriceTranslationHaut" classname="demo.MatriceTest" time="0.001"/>
  <testcase name="Matrice3x3et3x3" classname="demo.MatriceTest" time="0.001"/>
  <testcase name="MatriceShear180" classname="demo.MatriceTest" time="0.002"/>
  <testcase name="MatriceTranslationDroite" classname="demo.MatriceTest" time="0.002"/>
  <testcase name="MatriceTranslationGauche" classname="demo.MatriceTest" time="0.001"/>
  <testcase name="MatriceSymetrieOrigine" classname="demo.MatriceTest" time="0.001"/>
  <testcase name="Matrice4x3et3x5" classname="demo.MatriceTest" time="0.001"/>
  <testcase name="MatriceRotationDroite" classname="demo.MatriceTest" time="0.001"/>
  <testcase name="MatriceRotationGauche" classname="demo.MatriceTest" time="0.001"/>
  <testcase name="MatriceCadrage1_2" classname="demo.MatriceTest" time="0.001"/>
</testsuite>